<?xml version="1.0" encoding="UTF-8"?>
<testng-results skipped="0" failed="0" total="1" passed="1">
  <reporter-output>
  </reporter-output>
  <suite name="Default suite" duration-ms="24574" started-at="2019-01-10T15:35:48Z" finished-at="2019-01-10T15:36:13Z">
    <groups>
    </groups>
    <test name="Default test" duration-ms="24574" started-at="2019-01-10T15:35:48Z" finished-at="2019-01-10T15:36:13Z">
      <class name="example.NewTest">
        <test-method status="PASS" signature="beforeTest()[pri:0, instance:example.NewTest@6d4b1c02]" name="beforeTest" is-config="true" duration-ms="13" started-at="2019-01-10T21:05:48Z" finished-at="2019-01-10T21:05:48Z">
          <reporter-output>
          </reporter-output>
        </test-method> <!-- beforeTest -->
        <test-method status="PASS" signature="testEasy()[pri:0, instance:example.NewTest@6d4b1c02]" name="testEasy" duration-ms="24512" started-at="2019-01-10T21:05:48Z" finished-at="2019-01-10T21:06:13Z">
          <reporter-output>
          </reporter-output>
        </test-method> <!-- testEasy -->
      </class> <!-- example.NewTest -->
    </test> <!-- Default test -->
  </suite> <!-- Default suite -->
</testng-results>
